c:\users\82102\desktop\컴그 opengl\practice1\practice1\debug\vc142.pdb
c:\users\82102\desktop\컴그 opengl\practice1\practice1\debug\vc142.idb
c:\users\82102\desktop\컴그 opengl\practice1\practice1\debug\viewtree.obj
c:\users\82102\desktop\컴그 opengl\practice1\practice1\debug\propertieswnd.obj
c:\users\82102\desktop\컴그 opengl\practice1\practice1\debug\practice1doc.obj
c:\users\82102\desktop\컴그 opengl\practice1\practice1\debug\outputwnd.obj
c:\users\82102\desktop\컴그 opengl\practice1\practice1\debug\mainfrm.obj
c:\users\82102\desktop\컴그 opengl\practice1\practice1\debug\fileview.obj
c:\users\82102\desktop\컴그 opengl\practice1\practice1\debug\classview.obj
c:\users\82102\desktop\컴그 opengl\practice1\practice1\debug\practice1view.obj
c:\users\82102\desktop\컴그 opengl\practice1\practice1\debug\practice1.obj
c:\users\82102\desktop\컴그 opengl\practice1\practice1\debug\practice1.pch
c:\users\82102\desktop\컴그 opengl\practice1\practice1\debug\pch.obj
c:\users\82102\desktop\컴그 opengl\practice1\practice1\debug\b911094.obj
c:\users\82102\desktop\컴그 opengl\practice1\debug\practice1.exe
c:\users\82102\desktop\컴그 opengl\practice1\practice1\debug\practice1.ilk
c:\users\82102\desktop\컴그 opengl\practice1\debug\practice1.pdb
c:\users\82102\desktop\컴그 opengl\practice1\practice1\debug\practice1.res
c:\users\82102\desktop\컴그 opengl\practice1\practice1\debug\practice1.tlog\cl.command.1.tlog
c:\users\82102\desktop\컴그 opengl\practice1\practice1\debug\practice1.tlog\cl.read.1.tlog
c:\users\82102\desktop\컴그 opengl\practice1\practice1\debug\practice1.tlog\cl.write.1.tlog
c:\users\82102\desktop\컴그 opengl\practice1\practice1\debug\practice1.tlog\link.command.1.tlog
c:\users\82102\desktop\컴그 opengl\practice1\practice1\debug\practice1.tlog\link.read.1.tlog
c:\users\82102\desktop\컴그 opengl\practice1\practice1\debug\practice1.tlog\link.write.1.tlog
c:\users\82102\desktop\컴그 opengl\practice1\practice1\debug\practice1.tlog\rc.command.1.tlog
c:\users\82102\desktop\컴그 opengl\practice1\practice1\debug\practice1.tlog\rc.read.1.tlog
c:\users\82102\desktop\컴그 opengl\practice1\practice1\debug\practice1.tlog\rc.write.1.tlog
